Determining if the pthread_create exist failed with the following output:
Change Dir: /home/INTRANET/seddiki/myfiles/BA3/Project/Neuron/build/CMakeFiles/CMakeTmp

Run Build Command:"/usr/bin/make" "cmTryCompileExec2061536959/fast"
/usr/bin/make -f CMakeFiles/cmTryCompileExec2061536959.dir/build.make CMakeFiles/cmTryCompileExec2061536959.dir/build
make[1]: Entering directory `/home/INTRANET/seddiki/myfiles/BA3/Project/Neuron/build/CMakeFiles/CMakeTmp'
/usr/local/bin/cmake -E cmake_progress_report /home/INTRANET/seddiki/myfiles/BA3/Project/Neuron/build/CMakeFiles/CMakeTmp/CMakeFiles 1
Building C object CMakeFiles/cmTryCompileExec2061536959.dir/CheckSymbolExists.c.o
/usr/bin/cc    -o CMakeFiles/cmTryCompileExec2061536959.dir/CheckSymbolExists.c.o   -c /home/INTRANET/seddiki/myfiles/BA3/Project/Neuron/build/CMakeFiles/CMakeTmp/CheckSymbolExists.c
Linking C executable cmTryCompileExec2061536959
/usr/local/bin/cmake -E cmake_link_script CMakeFiles/cmTryCompileExec2061536959.dir/link.txt --verbose=1
/usr/bin/cc       CMakeFiles/cmTryCompileExec2061536959.dir/CheckSymbolExists.c.o  -o cmTryCompileExec2061536959 -rdynamic 
CMakeFiles/cmTryCompileExec2061536959.dir/CheckSymbolExists.c.o: In function `main':
CheckSymbolExists.c:(.text+0x16): undefined reference to `pthread_create'
collect2: error: ld returned 1 exit status
make[1]: *** [cmTryCompileExec2061536959] Error 1
make[1]: Leaving directory `/home/INTRANET/seddiki/myfiles/BA3/Project/Neuron/build/CMakeFiles/CMakeTmp'
make: *** [cmTryCompileExec2061536959/fast] Error 2

File /home/INTRANET/seddiki/myfiles/BA3/Project/Neuron/build/CMakeFiles/CMakeTmp/CheckSymbolExists.c:
/* */
#include <pthread.h>

int main(int argc, char** argv)
{
  (void)argv;
#ifndef pthread_create
  return ((int*)(&pthread_create))[argc];
#else
  (void)argc;
  return 0;
#endif
}

